<?xml version="1.0" encoding="UTF-8"?>
<!-- Generated by org.testng.reporters.JUnitXMLReporter -->
<testsuite ignored="0" hostname="DESKTOP-12H3LVK" failures="0" tests="1" name="Test-chrome" time="25.146" errors="0" timestamp="2025-05-14T11:55:53 IST">
  <testcase classname="ContactTest.Createcontact_Test" name="creating_contact_Test" time="25.06"/>
</testsuite> <!-- Test-chrome -->
