<?xml version="1.0" encoding="UTF-8"?>
<!-- Generated by org.testng.reporters.JUnitXMLReporter -->
<testsuite ignored="0" hostname="DESKTOP-12H3LVK" failures="0" tests="1" name="Test-firefox" time="22.62" errors="0" timestamp="2025-05-14T11:55:50 IST">
  <testcase classname="ContactTest.Contacts_usingdate" name="testcase1" time="22.531"/>
</testsuite> <!-- Test-firefox -->
