<?xml version="1.0" encoding="UTF-8"?>
<!-- Generated by org.testng.reporters.JUnitReportReporter -->
<testsuite hostname="DESKTOP-12H3LVK" failures="0" tests="1" name="ContactTest.Createcontact_Test" time="31.707" errors="0" timestamp="2025-05-20T15:14:54 IST" skipped="0">
  <testcase classname="ContactTest.Createcontact_Test" name="creating_contact_Test" time="31.707"/>
</testsuite> <!-- ContactTest.Createcontact_Test -->
