<?xml version="1.0" encoding="UTF-8"?>
<!-- Generated by org.testng.reporters.JUnitReportReporter -->
<testsuite hostname="DESKTOP-12H3LVK" failures="0" tests="1" name="ContactTest.Contactsusing_searchingorganisation" time="41.886" errors="0" timestamp="2025-05-15T14:43:53 IST" skipped="0">
  <testcase classname="ContactTest.Contactsusing_searchingorganisation" name="testcase1" time="41.886"/>
</testsuite> <!-- ContactTest.Contactsusing_searchingorganisation -->
