<?xml version="1.0" encoding="UTF-8"?>
<!-- Generated by org.testng.reporters.JUnitReportReporter -->
<testsuite hostname="DESKTOP-12H3LVK" failures="0" tests="1" name="ContactTest.Contacts_usingdate" time="22.531" errors="0" timestamp="2025-05-14T11:55:53 IST" skipped="0">
  <testcase classname="ContactTest.Contacts_usingdate" name="testcase1" time="22.531"/>
</testsuite> <!-- ContactTest.Contacts_usingdate -->
