<?xml version="1.0" encoding="UTF-8"?>
<!-- Generated by org.testng.reporters.JUnitReportReporter -->
<testsuite hostname="DESKTOP-12H3LVK" failures="0" tests="1" name="screenshot.Sampletest_screenshot" time="18.132" errors="0" timestamp="2025-05-16T09:22:50 IST" skipped="0">
  <testcase classname="screenshot.Sampletest_screenshot" name="amazontest" time="18.132"/>
</testsuite> <!-- screenshot.Sampletest_screenshot -->
