<?xml version="1.0" encoding="UTF-8"?>
<!-- Generated by org.testng.reporters.JUnitReportReporter -->
<testsuite hostname="DESKTOP-12H3LVK" failures="0" tests="1" name="extent_Reports.Sample_Extentreports" time="12.818" errors="0" timestamp="2025-05-22T14:38:59 IST" skipped="0">
  <testcase classname="extent_Reports.Sample_Extentreports" name="createaccountTest" time="12.818"/>
</testsuite> <!-- extent_Reports.Sample_Extentreports -->
