<?xml version="1.0" encoding="UTF-8"?>
<!-- Generated by org.testng.reporters.JUnitReportReporter -->
<testsuite hostname="DESKTOP-12H3LVK" failures="0" tests="1" name="extent_Reports.simplereport" time="8.772" errors="0" timestamp="2025-05-22T14:47:05 IST" skipped="0">
  <testcase classname="extent_Reports.simplereport" name="simpleReport" time="8.772"/>
</testsuite> <!-- extent_Reports.simplereport -->
