<?xml version="1.0" encoding="UTF-8"?>
<!-- Generated by org.testng.reporters.JUnitReportReporter -->
<testsuite hostname="DESKTOP-12H3LVK" failures="0" tests="1" name="organizationTest.Org_Test03" time="9.608" errors="0" timestamp="2025-05-07T13:31:17 IST" skipped="0">
  <testcase classname="organizationTest.Org_Test03" name="contact_Test" time="9.608"/>
</testsuite> <!-- organizationTest.Org_Test03 -->
